Using pre-set license
Built from '2022.3/staging' branch; Version is '2022.3.6f1 (b9e6e7e9fa2d) revision 12183271'; Using compiler version '192829333'; Build Type 'Release'
OS: 'Windows 11  (10.0.22631) 64bit Professional' Language: 'en' Physical Memory: 24502 MB
BatchMode: 1, IsHumanControllingUs: 0, StartBugReporterOnCrash: 0, Is64bit: 1, IsPro: 1

COMMAND LINE ARGUMENTS:
X:\UNITY\2022.3.6f1\Editor\Unity.exe
-adb2
-batchMode
-noUpm
-name
AssetImportWorker2
-projectPath
E:/UNITY/Balatrolike
-logFile
Logs/AssetImportWorker2.log
-srvPort
61468
Successfully changed project path to: E:/UNITY/Balatrolike
E:/UNITY/Balatrolike
[UnityMemory] Configuration Parameters - Can be set up in boot.config
    "memorysetup-bucket-allocator-granularity=16"
    "memorysetup-bucket-allocator-bucket-count=8"
    "memorysetup-bucket-allocator-block-size=33554432"
    "memorysetup-bucket-allocator-block-count=8"
    "memorysetup-main-allocator-block-size=16777216"
    "memorysetup-thread-allocator-block-size=16777216"
    "memorysetup-gfx-main-allocator-block-size=16777216"
    "memorysetup-gfx-thread-allocator-block-size=16777216"
    "memorysetup-cache-allocator-block-size=4194304"
    "memorysetup-typetree-allocator-block-size=2097152"
    "memorysetup-profiler-bucket-allocator-granularity=16"
    "memorysetup-profiler-bucket-allocator-bucket-count=8"
    "memorysetup-profiler-bucket-allocator-block-size=33554432"
    "memorysetup-profiler-bucket-allocator-block-count=8"
    "memorysetup-profiler-allocator-block-size=16777216"
    "memorysetup-profiler-editor-allocator-block-size=1048576"
    "memorysetup-temp-allocator-size-main=16777216"
    "memorysetup-job-temp-allocator-block-size=2097152"
    "memorysetup-job-temp-allocator-block-size-background=1048576"
    "memorysetup-job-temp-allocator-reduction-small-platforms=262144"
    "memorysetup-allocator-temp-initial-block-size-main=262144"
    "memorysetup-allocator-temp-initial-block-size-worker=262144"
    "memorysetup-temp-allocator-size-background-worker=32768"
    "memorysetup-temp-allocator-size-job-worker=262144"
    "memorysetup-temp-allocator-size-preload-manager=33554432"
    "memorysetup-temp-allocator-size-nav-mesh-worker=65536"
    "memorysetup-temp-allocator-size-audio-worker=65536"
    "memorysetup-temp-allocator-size-cloud-worker=32768"
    "memorysetup-temp-allocator-size-gi-baking-worker=262144"
    "memorysetup-temp-allocator-size-gfx=262144"
Player connection [27464] Host "[IP] 192.168.1.33 [Port] 0 [Flags] 2 [Guid] 3703663340 [EditorId] 3703663340 [Version] 1048832 [Id] WindowsEditor(7,KNIGHT) [Debug] 1 [PackageName] WindowsEditor [ProjectName] Editor" joined multi-casting on [225.0.0.222:54997]...

Player connection [27464] Host "[IP] 192.168.1.33 [Port] 0 [Flags] 2 [Guid] 3703663340 [EditorId] 3703663340 [Version] 1048832 [Id] WindowsEditor(7,KNIGHT) [Debug] 1 [PackageName] WindowsEditor [ProjectName] Editor" joined alternative multi-casting on [225.0.0.222:34997]...

Refreshing native plugins compatible for Editor in 40.34 ms, found 3 plugins.
Preloading 0 native plugins for Editor in 0.00 ms.
Initialize engine version: 2022.3.6f1 (b9e6e7e9fa2d)
[Subsystems] Discovering subsystems at path X:/UNITY/2022.3.6f1/Editor/Data/Resources/UnitySubsystems
[Subsystems] Discovering subsystems at path E:/UNITY/Balatrolike/Assets
GfxDevice: creating device client; threaded=0; jobified=0
Direct3D:
    Version:  Direct3D 11.0 [level 11.1]
    Renderer: NVIDIA GeForce RTX 3090 (ID=0x2204)
    Vendor:   NVIDIA
    VRAM:     24326 MB
    Driver:   31.0.15.5176
Initialize mono
Mono path[0] = 'X:/UNITY/2022.3.6f1/Editor/Data/Managed'
Mono path[1] = 'X:/UNITY/2022.3.6f1/Editor/Data/MonoBleedingEdge/lib/mono/unityjit-win32'
Mono config path = 'X:/UNITY/2022.3.6f1/Editor/Data/MonoBleedingEdge/etc'
Using monoOptions --debugger-agent=transport=dt_socket,embedding=1,server=y,suspend=n,address=127.0.0.1:56200
Begin MonoManager ReloadAssembly
Registering precompiled unity dll's ...
Register platform support module: X:/UNITY/2022.3.6f1/Editor/Data/PlaybackEngines/WebGLSupport/UnityEditor.WebGL.Extensions.dll
Register platform support module: X:/UNITY/2022.3.6f1/Editor/Data/PlaybackEngines/AndroidPlayer/UnityEditor.Android.Extensions.dll
Register platform support module: X:/UNITY/2022.3.6f1/Editor/Data/PlaybackEngines/iOSSupport/UnityEditor.iOS.Extensions.dll
Register platform support module: X:/UNITY/2022.3.6f1/Editor/Data/PlaybackEngines/WindowsStandaloneSupport/UnityEditor.WindowsStandalone.Extensions.dll
Registered in 0.007284 seconds.
- Loaded All Assemblies, in  0.305 seconds
Native extension for WindowsStandalone target not found
Native extension for iOS target not found
Native extension for Android target not found
Android Extension - Scanning For ADB Devices 218 ms
Native extension for WebGL target not found
Mono: successfully reloaded assembly
- Finished resetting the current domain, in  0.562 seconds
Domain Reload Profiling: 867ms
	BeginReloadAssembly (87ms)
		ExecutionOrderSort (0ms)
		DisableScriptedObjects (0ms)
		BackupInstance (0ms)
		ReleaseScriptingObjects (0ms)
		CreateAndSetChildDomain (1ms)
	RebuildCommonClasses (30ms)
	RebuildNativeTypeToScriptingClass (9ms)
	initialDomainReloadingComplete (49ms)
	LoadAllAssembliesAndSetupDomain (131ms)
		LoadAssemblies (86ms)
		RebuildTransferFunctionScriptingTraits (0ms)
		AnalyzeDomain (128ms)
			TypeCache.Refresh (127ms)
				TypeCache.ScanAssembly (116ms)
			ScanForSourceGeneratedMonoScriptInfo (0ms)
			ResolveRequiredComponents (0ms)
	FinalizeReload (563ms)
		ReleaseScriptCaches (0ms)
		RebuildScriptCaches (0ms)
		SetupLoadedEditorAssemblies (512ms)
			LogAssemblyErrors (0ms)
			InitializePlatformSupportModulesInManaged (333ms)
			SetLoadedEditorAssemblies (3ms)
			RefreshPlugins (0ms)
			BeforeProcessingInitializeOnLoad (2ms)
			ProcessInitializeOnLoadAttributes (80ms)
			ProcessInitializeOnLoadMethodAttributes (94ms)
			AfterProcessingInitializeOnLoad (0ms)
			EditorAssembliesLoaded (0ms)
		ExecutionOrderSort2 (0ms)
		AwakeInstancesAfterBackupRestoration (0ms)
========================================================================
Worker process is ready to serve import requests
Begin MonoManager ReloadAssembly
- Loaded All Assemblies, in  0.595 seconds
Refreshing native plugins compatible for Editor in 1.74 ms, found 3 plugins.
Native extension for WindowsStandalone target not found
Native extension for iOS target not found
Native extension for Android target not found
Native extension for WebGL target not found
Package Manager log level set to [2]
[Package Manager] Server::EnsureServerProcessIsRunning -- launch failed, reason: Unity was launched with the -noUpm command-line argument
[Package Manager] UpmClient::Send -- Unable to send message (not connected to UPM process).
[Package Manager] Cannot connect to Unity Package Manager local server
Mono: successfully reloaded assembly
- Finished resetting the current domain, in  0.576 seconds
Domain Reload Profiling: 1172ms
	BeginReloadAssembly (105ms)
		ExecutionOrderSort (0ms)
		DisableScriptedObjects (5ms)
		BackupInstance (0ms)
		ReleaseScriptingObjects (0ms)
		CreateAndSetChildDomain (19ms)
	RebuildCommonClasses (25ms)
	RebuildNativeTypeToScriptingClass (9ms)
	initialDomainReloadingComplete (31ms)
	LoadAllAssembliesAndSetupDomain (424ms)
		LoadAssemblies (220ms)
		RebuildTransferFunctionScriptingTraits (0ms)
		AnalyzeDomain (259ms)
			TypeCache.Refresh (245ms)
				TypeCache.ScanAssembly (233ms)
			ScanForSourceGeneratedMonoScriptInfo (11ms)
			ResolveRequiredComponents (3ms)
	FinalizeReload (577ms)
		ReleaseScriptCaches (0ms)
		RebuildScriptCaches (0ms)
		SetupLoadedEditorAssemblies (458ms)
			LogAssemblyErrors (0ms)
			InitializePlatformSupportModulesInManaged (27ms)
			SetLoadedEditorAssemblies (3ms)
			RefreshPlugins (0ms)
			BeforeProcessingInitializeOnLoad (46ms)
			ProcessInitializeOnLoadAttributes (366ms)
			ProcessInitializeOnLoadMethodAttributes (14ms)
			AfterProcessingInitializeOnLoad (2ms)
			EditorAssembliesLoaded (0ms)
		ExecutionOrderSort2 (0ms)
		AwakeInstancesAfterBackupRestoration (5ms)
Launched and connected shader compiler UnityShaderCompiler.exe after 0.04 seconds
Refreshing native plugins compatible for Editor in 1.66 ms, found 3 plugins.
Preloading 0 native plugins for Editor in 0.00 ms.
Unloading 3105 Unused Serialized files (Serialized files now loaded: 0)
Unloading 31 unused Assets / (56.4 KB). Loaded Objects now: 3571.
Memory consumption went from 126.4 MB to 126.3 MB.
Total: 3.511100 ms (FindLiveObjects: 0.224400 ms CreateObjectMapping: 0.138600 ms MarkObjects: 3.045500 ms  DeleteObjects: 0.101700 ms)

AssetImportParameters requested are different than current active one (requested -> active):
  custom:container-demuxer-ogg: 62fdf1f143b41e24485cea50d1cbac27 -> 
  custom:video-codec-MediaFoundation-h265: 746d11721c4dcdbdad8f713fa42b33f4 -> 
  custom:video-decoder-ogg-theora: a1e56fd34408186e4bbccfd4996cb3dc -> 
  custom:framework-win-MediaFoundation: 216162199b28c13a410421893ffa2e32 -> 
  custom:CustomObjectIndexerAttribute: 756ad292c208cfabdd7b50bc23989ffe -> 
  custom:container-demuxer-webm: 4f35f7cbe854078d1ac9338744f61a02 -> 
  custom:container-muxer-webm: aa71ff27fc2769a1b78a27578f13a17b -> 
  custom:video-decoder-webm-vp8: 9c59270c3fd7afecdb556c50c9e8de78 -> 
  custom:SearchIndexIgnoredProperties: e643bd26f0fe6173181afceb89e7c659 -> 
  custom:AudioImporter_EditorPlatform: d09bf68614088b80899f8185d706f6e7 -> 
  custom:video-encoder-webm-vp8: eb34c28f22e8b96e1ab97ce403110664 -> 
  custom:audio-decoder-ogg-vorbis: bf7c407c2cedff20999df2af8eb42d56 -> 
  custom:audio-encoder-webm-vorbis: bf7c407c2cedff20999df2af8eb42d56 -> 
========================================================================
Received Import Request.
  Time since last request: 52362.089428 seconds.
  path: Assets/Textures/Layer 57.prefab
  artifactKey: Guid(73f63d50d98f68a408c70fddf7fe4442) Importer(815301076,1909f56bfc062723c751e8b465ee728b)
Start importing Assets/Textures/Layer 57.prefab using Guid(73f63d50d98f68a408c70fddf7fe4442) Importer(815301076,1909f56bfc062723c751e8b465ee728b)  -> (artifact id: 'f12499cb0118424f0d39ccfa099a4029') in 0.062600 seconds
Number of updated asset objects reloaded before import = 0
Number of asset objects unloaded after import = 7
========================================================================
Received Import Request.
  Time since last request: 3.987254 seconds.
  path: Assets/Textures/Layer 57 copy.prefab
  artifactKey: Guid(9dd098e23d38c7b4ca0caeef9e73570a) Importer(815301076,1909f56bfc062723c751e8b465ee728b)
Start importing Assets/Textures/Layer 57 copy.prefab using Guid(9dd098e23d38c7b4ca0caeef9e73570a) Importer(815301076,1909f56bfc062723c751e8b465ee728b)  -> (artifact id: 'a3bfd8c551f845453110db640e7122c0') in 0.005345 seconds
Number of updated asset objects reloaded before import = 0
Number of asset objects unloaded after import = 7
========================================================================
Received Import Request.
  Time since last request: 6.020296 seconds.
  path: Assets/Textures/toy race car top down  copy.prefab
  artifactKey: Guid(d91357f3824444e4a8e841e803f66acd) Importer(815301076,1909f56bfc062723c751e8b465ee728b)
Start importing Assets/Textures/toy race car top down  copy.prefab using Guid(d91357f3824444e4a8e841e803f66acd) Importer(815301076,1909f56bfc062723c751e8b465ee728b)  -> (artifact id: '122123659c6e73d5bfc0e84a1df747d5') in 0.005377 seconds
Number of updated asset objects reloaded before import = 0
Number of asset objects unloaded after import = 7
========================================================================
Received Import Request.
  Time since last request: 15.655282 seconds.
  path: Assets/Prefabs/Buildings/Layer 57.prefab
  artifactKey: Guid(73f63d50d98f68a408c70fddf7fe4442) Importer(2089858483,0ecaa5967403d082aa24f35e1b516d23)
Start importing Assets/Prefabs/Buildings/Layer 57.prefab using Guid(73f63d50d98f68a408c70fddf7fe4442) Importer(2089858483,0ecaa5967403d082aa24f35e1b516d23)  -> (artifact id: '973c35dfa5efe223d21141e45c7e6fae') in 0.107482 seconds
Number of updated asset objects reloaded before import = 0
Number of asset objects unloaded after import = 7
========================================================================
Received Import Request.
  Time since last request: 5.226387 seconds.
  path: Assets/Prefabs/Buildings/Layer 76.prefab
  artifactKey: Guid(3354593fe3f770e498d09c3cf0f38416) Importer(815301076,1909f56bfc062723c751e8b465ee728b)
Start importing Assets/Prefabs/Buildings/Layer 76.prefab using Guid(3354593fe3f770e498d09c3cf0f38416) Importer(815301076,1909f56bfc062723c751e8b465ee728b)  -> (artifact id: '5ce0726ffd9f3cb12432f6d1ca496807') in 0.005814 seconds
Number of updated asset objects reloaded before import = 0
Number of asset objects unloaded after import = 7
========================================================================
Received Import Request.
  Time since last request: 176.701331 seconds.
  path: Assets/Prefabs/Buildings/Layer 76 1.prefab
  artifactKey: Guid(c5d1f34a2a465164c9416c13a89053c4) Importer(815301076,1909f56bfc062723c751e8b465ee728b)
Start importing Assets/Prefabs/Buildings/Layer 76 1.prefab using Guid(c5d1f34a2a465164c9416c13a89053c4) Importer(815301076,1909f56bfc062723c751e8b465ee728b)  -> (artifact id: '06cc960a9167dfd457ecb2b0619df12f') in 0.041240 seconds
Number of updated asset objects reloaded before import = 0
Number of asset objects unloaded after import = 7
========================================================================
Received Import Request.
  Time since last request: 0.947713 seconds.
  path: Assets/Prefabs/Buildings/Layer 76 1.prefab
  artifactKey: Guid(c5d1f34a2a465164c9416c13a89053c4) Importer(2089858483,0ecaa5967403d082aa24f35e1b516d23)
Start importing Assets/Prefabs/Buildings/Layer 76 1.prefab using Guid(c5d1f34a2a465164c9416c13a89053c4) Importer(2089858483,0ecaa5967403d082aa24f35e1b516d23)  -> (artifact id: 'f5c91bd19a2713fd40162f2fe2a5c0f3') in 0.008155 seconds
Number of updated asset objects reloaded before import = 0
Number of asset objects unloaded after import = 7
========================================================================
Received Import Request.
  Time since last request: 21.459894 seconds.
  path: Assets/Prefabs/Buildings/Layer 72.prefab
  artifactKey: Guid(718dcdd22aa1c42458c916de3a8299be) Importer(815301076,1909f56bfc062723c751e8b465ee728b)
Start importing Assets/Prefabs/Buildings/Layer 72.prefab using Guid(718dcdd22aa1c42458c916de3a8299be) Importer(815301076,1909f56bfc062723c751e8b465ee728b)  -> (artifact id: '29213dd914db84478e85ab8da2ce388e') in 0.005650 seconds
Number of updated asset objects reloaded before import = 0
Number of asset objects unloaded after import = 7
========================================================================
Received Import Request.
  Time since last request: 0.363545 seconds.
  path: Assets/Prefabs/Buildings/Layer 73.prefab
  artifactKey: Guid(229a6bc7d0803e246b617791c9e6f6d7) Importer(815301076,1909f56bfc062723c751e8b465ee728b)
Start importing Assets/Prefabs/Buildings/Layer 73.prefab using Guid(229a6bc7d0803e246b617791c9e6f6d7) Importer(815301076,1909f56bfc062723c751e8b465ee728b)  -> (artifact id: '43594343d3b378fd2727079fa4199693') in 0.005057 seconds
Number of updated asset objects reloaded before import = 0
Number of asset objects unloaded after import = 7
========================================================================
Received Import Request.
  Time since last request: 145.780745 seconds.
  path: Assets/Textures/Layer 73.png
  artifactKey: Guid(49a4437e1bd827e449cec3f6238da3cf) Importer(815301076,1909f56bfc062723c751e8b465ee728b)
Start importing Assets/Textures/Layer 73.png using Guid(49a4437e1bd827e449cec3f6238da3cf) Importer(815301076,1909f56bfc062723c751e8b465ee728b)  -> (artifact id: '3729cd5e9f68a691b428aa99da59acfa') in 0.020841 seconds
Number of updated asset objects reloaded before import = 0
Number of asset objects unloaded after import = 3
========================================================================
Received Import Request.
  Time since last request: 29.130740 seconds.
  path: Assets/Textures/Layer 73.png
  artifactKey: Guid(49a4437e1bd827e449cec3f6238da3cf) Importer(815301076,1909f56bfc062723c751e8b465ee728b)
Start importing Assets/Textures/Layer 73.png using Guid(49a4437e1bd827e449cec3f6238da3cf) Importer(815301076,1909f56bfc062723c751e8b465ee728b)  -> (artifact id: 'e51833010618bcd1b29c1ae4cb7407ea') in 0.009092 seconds
Number of updated asset objects reloaded before import = 0
Number of asset objects unloaded after import = 3
========================================================================
Received Import Request.
  Time since last request: 0.971114 seconds.
  path: Assets/Textures/Layer 73.png
  artifactKey: Guid(49a4437e1bd827e449cec3f6238da3cf) Importer(2089858483,0ecaa5967403d082aa24f35e1b516d23)
Start importing Assets/Textures/Layer 73.png using Guid(49a4437e1bd827e449cec3f6238da3cf) Importer(2089858483,0ecaa5967403d082aa24f35e1b516d23)  -> (artifact id: '4c8283f0c1802fb0647e77cc04152d94') in 0.035767 seconds
Number of updated asset objects reloaded before import = 0
Number of asset objects unloaded after import = 3
========================================================================
Received Import Request.
  Time since last request: 7.894385 seconds.
  path: Assets/Textures/Layer 73.png
  artifactKey: Guid(49a4437e1bd827e449cec3f6238da3cf) Importer(815301076,1909f56bfc062723c751e8b465ee728b)
Start importing Assets/Textures/Layer 73.png using Guid(49a4437e1bd827e449cec3f6238da3cf) Importer(815301076,1909f56bfc062723c751e8b465ee728b)  -> (artifact id: '38d0c76941c334c19b7e20974214df22') in 0.008120 seconds
Number of updated asset objects reloaded before import = 0
Number of asset objects unloaded after import = 3
========================================================================
Received Import Request.
  Time since last request: 0.972053 seconds.
  path: Assets/Textures/Layer 73.png
  artifactKey: Guid(49a4437e1bd827e449cec3f6238da3cf) Importer(2089858483,0ecaa5967403d082aa24f35e1b516d23)
Start importing Assets/Textures/Layer 73.png using Guid(49a4437e1bd827e449cec3f6238da3cf) Importer(2089858483,0ecaa5967403d082aa24f35e1b516d23)  -> (artifact id: '13271acedeafeef34d511619e4ebd0e0') in 0.012537 seconds
Number of updated asset objects reloaded before import = 0
Number of asset objects unloaded after import = 3
========================================================================
Received Import Request.
  Time since last request: 6.649168 seconds.
  path: Assets/Textures/toy car.png
  artifactKey: Guid(228384a0d9cbd844ab9b67ccf09f8df7) Importer(815301076,1909f56bfc062723c751e8b465ee728b)
Start importing Assets/Textures/toy car.png using Guid(228384a0d9cbd844ab9b67ccf09f8df7) Importer(815301076,1909f56bfc062723c751e8b465ee728b)  -> (artifact id: '365164632fec5f304e3f8414774c6b9e') in 0.009249 seconds
Number of updated asset objects reloaded before import = 0
Number of asset objects unloaded after import = 3
========================================================================
Received Import Request.
  Time since last request: 0.968198 seconds.
  path: Assets/Textures/toy car.png
  artifactKey: Guid(228384a0d9cbd844ab9b67ccf09f8df7) Importer(2089858483,0ecaa5967403d082aa24f35e1b516d23)
Start importing Assets/Textures/toy car.png using Guid(228384a0d9cbd844ab9b67ccf09f8df7) Importer(2089858483,0ecaa5967403d082aa24f35e1b516d23)  -> (artifact id: '830d1ecbedf1f23b706bbd7e35767b79') in 0.013841 seconds
Number of updated asset objects reloaded before import = 0
Number of asset objects unloaded after import = 3
========================================================================
Received Import Request.
  Time since last request: 76.232321 seconds.
  path: Assets/Textures/Layer 66 copy.png
  artifactKey: Guid(0bc2d322cec095141aa960c384d16b12) Importer(815301076,1909f56bfc062723c751e8b465ee728b)
Start importing Assets/Textures/Layer 66 copy.png using Guid(0bc2d322cec095141aa960c384d16b12) Importer(815301076,1909f56bfc062723c751e8b465ee728b)  -> (artifact id: 'b676a49a4722c588bd9818056132d21d') in 0.009026 seconds
Number of updated asset objects reloaded before import = 0
Number of asset objects unloaded after import = 3
========================================================================
Received Import Request.
  Time since last request: 0.965803 seconds.
  path: Assets/Textures/Layer 66 copy.png
  artifactKey: Guid(0bc2d322cec095141aa960c384d16b12) Importer(2089858483,0ecaa5967403d082aa24f35e1b516d23)
Start importing Assets/Textures/Layer 66 copy.png using Guid(0bc2d322cec095141aa960c384d16b12) Importer(2089858483,0ecaa5967403d082aa24f35e1b516d23)  -> (artifact id: '0734b1a14a9bb00d665e0daf64e84974') in 0.016235 seconds
Number of updated asset objects reloaded before import = 0
Number of asset objects unloaded after import = 3
========================================================================
Received Import Request.
  Time since last request: 0.000016 seconds.
  path: Assets/Textures/Layer 66.png
  artifactKey: Guid(de8fe9f4698f21041bc95f9d4b3cd900) Importer(2089858483,0ecaa5967403d082aa24f35e1b516d23)
Start importing Assets/Textures/Layer 66.png using Guid(de8fe9f4698f21041bc95f9d4b3cd900) Importer(2089858483,0ecaa5967403d082aa24f35e1b516d23)  -> (artifact id: 'b38ddbfbf4f7c371e4996c5278a59adc') in 0.016369 seconds
Number of updated asset objects reloaded before import = 0
Number of asset objects unloaded after import = 3
========================================================================
Received Import Request.
  Time since last request: 0.000015 seconds.
  path: Assets/Textures/Layer 57 copy.png
  artifactKey: Guid(542ca6b9d5c620147be6cd8cd1ee64fb) Importer(2089858483,0ecaa5967403d082aa24f35e1b516d23)
Start importing Assets/Textures/Layer 57 copy.png using Guid(542ca6b9d5c620147be6cd8cd1ee64fb) Importer(2089858483,0ecaa5967403d082aa24f35e1b516d23)  -> (artifact id: '3c4bad96a2ca6e715e7cbe8b432069dc') in 0.019094 seconds
Number of updated asset objects reloaded before import = 0
Number of asset objects unloaded after import = 3
========================================================================
Received Import Request.
  Time since last request: 0.000012 seconds.
  path: Assets/Textures/Layer 62 copy 2.png
  artifactKey: Guid(fe65e2fae662e9942bf3098d58ba32c0) Importer(2089858483,0ecaa5967403d082aa24f35e1b516d23)
Start importing Assets/Textures/Layer 62 copy 2.png using Guid(fe65e2fae662e9942bf3098d58ba32c0) Importer(2089858483,0ecaa5967403d082aa24f35e1b516d23)  -> (artifact id: '68a54b8f4099718003dc79d534770642') in 0.019552 seconds
Number of updated asset objects reloaded before import = 0
Number of asset objects unloaded after import = 3
========================================================================
Received Import Request.
  Time since last request: 0.000018 seconds.
  path: Assets/Textures/Layer 62 copy.png
  artifactKey: Guid(04fa7bb0d78e1674593d033ad016a191) Importer(2089858483,0ecaa5967403d082aa24f35e1b516d23)
Start importing Assets/Textures/Layer 62 copy.png using Guid(04fa7bb0d78e1674593d033ad016a191) Importer(2089858483,0ecaa5967403d082aa24f35e1b516d23)  -> (artifact id: '7de8367616bd35fce1e721d16a03275a') in 0.015146 seconds
Number of updated asset objects reloaded before import = 0
Number of asset objects unloaded after import = 3
========================================================================
Received Import Request.
  Time since last request: 0.000019 seconds.
  path: Assets/Textures/Layer 64 copy.png
  artifactKey: Guid(bf9f3c9048a3ecd4c88806011c4b7a87) Importer(2089858483,0ecaa5967403d082aa24f35e1b516d23)
Start importing Assets/Textures/Layer 64 copy.png using Guid(bf9f3c9048a3ecd4c88806011c4b7a87) Importer(2089858483,0ecaa5967403d082aa24f35e1b516d23)  -> (artifact id: '43f4a66fa2815c0dd733c27aa6732404') in 0.016897 seconds
Number of updated asset objects reloaded before import = 0
Number of asset objects unloaded after import = 3
========================================================================
Received Import Request.
  Time since last request: 0.000017 seconds.
  path: Assets/Textures/Layer 57.png
  artifactKey: Guid(32681b9a9501c694984ce0ebe3f90c2b) Importer(2089858483,0ecaa5967403d082aa24f35e1b516d23)
Start importing Assets/Textures/Layer 57.png using Guid(32681b9a9501c694984ce0ebe3f90c2b) Importer(2089858483,0ecaa5967403d082aa24f35e1b516d23)  -> (artifact id: 'ed1980435b624645410ddacbe2fa6b15') in 0.017433 seconds
Number of updated asset objects reloaded before import = 0
Number of asset objects unloaded after import = 3
========================================================================
Received Import Request.
  Time since last request: 0.000016 seconds.
  path: Assets/Textures/Layer 72.png
  artifactKey: Guid(85d6c57844ff0f247a23dfb5d6768456) Importer(2089858483,0ecaa5967403d082aa24f35e1b516d23)
Start importing Assets/Textures/Layer 72.png using Guid(85d6c57844ff0f247a23dfb5d6768456) Importer(2089858483,0ecaa5967403d082aa24f35e1b516d23)  -> (artifact id: '46f2b7a2811d3fc5443ae46b0c0945a7') in 0.013855 seconds
Number of updated asset objects reloaded before import = 0
Number of asset objects unloaded after import = 3
========================================================================
Received Import Request.
  Time since last request: 0.000014 seconds.
  path: Assets/Textures/Layer 76.png
  artifactKey: Guid(5eed38ef01dbd39458815d9243befdf2) Importer(2089858483,0ecaa5967403d082aa24f35e1b516d23)
Start importing Assets/Textures/Layer 76.png using Guid(5eed38ef01dbd39458815d9243befdf2) Importer(2089858483,0ecaa5967403d082aa24f35e1b516d23)  -> (artifact id: 'bd5f48e95f1d8e4e24dd784e43c5eb30') in 0.018915 seconds
Number of updated asset objects reloaded before import = 0
Number of asset objects unloaded after import = 3
========================================================================
Received Import Request.
  Time since last request: 0.045502 seconds.
  path: Assets/Textures/Layer 62 copy 2.png
  artifactKey: Guid(fe65e2fae662e9942bf3098d58ba32c0) Importer(815301076,1909f56bfc062723c751e8b465ee728b)
Start importing Assets/Textures/Layer 62 copy 2.png using Guid(fe65e2fae662e9942bf3098d58ba32c0) Importer(815301076,1909f56bfc062723c751e8b465ee728b)  -> (artifact id: '6122efee550bb7e5485bc3f082e3c75f') in 0.011398 seconds
Number of updated asset objects reloaded before import = 0
Number of asset objects unloaded after import = 3
========================================================================
Received Import Request.
  Time since last request: 0.808550 seconds.
  path: Assets/Textures/Layer 66.png
  artifactKey: Guid(de8fe9f4698f21041bc95f9d4b3cd900) Importer(815301076,1909f56bfc062723c751e8b465ee728b)
Start importing Assets/Textures/Layer 66.png using Guid(de8fe9f4698f21041bc95f9d4b3cd900) Importer(815301076,1909f56bfc062723c751e8b465ee728b)  -> (artifact id: '7bc2ee7a2e8f57351d7fbc52660e8be2') in 0.009814 seconds
Number of updated asset objects reloaded before import = 0
Number of asset objects unloaded after import = 3
========================================================================
Received Import Request.
  Time since last request: 27.978781 seconds.
  path: Assets/Textures/toy race car top down  copy.png
  artifactKey: Guid(3767a08e0e8dad34e967eb09ac964dc1) Importer(2089858483,0ecaa5967403d082aa24f35e1b516d23)
Start importing Assets/Textures/toy race car top down  copy.png using Guid(3767a08e0e8dad34e967eb09ac964dc1) Importer(2089858483,0ecaa5967403d082aa24f35e1b516d23)  -> (artifact id: '86821d5165512cc67d5549839c6082a8') in 0.019131 seconds
Number of updated asset objects reloaded before import = 0
Number of asset objects unloaded after import = 3
========================================================================
Received Import Request.
  Time since last request: 0.000017 seconds.
  path: Assets/Textures/Layer 66.png
  artifactKey: Guid(de8fe9f4698f21041bc95f9d4b3cd900) Importer(2089858483,0ecaa5967403d082aa24f35e1b516d23)
Start importing Assets/Textures/Layer 66.png using Guid(de8fe9f4698f21041bc95f9d4b3cd900) Importer(2089858483,0ecaa5967403d082aa24f35e1b516d23)  -> (artifact id: 'b3522ed7f66b034105617b43da6507c3') in 0.018983 seconds
Number of updated asset objects reloaded before import = 0
Number of asset objects unloaded after import = 3
========================================================================
Received Import Request.
  Time since last request: 0.000015 seconds.
  path: Assets/Textures/Layer 57 copy.png
  artifactKey: Guid(542ca6b9d5c620147be6cd8cd1ee64fb) Importer(2089858483,0ecaa5967403d082aa24f35e1b516d23)
Start importing Assets/Textures/Layer 57 copy.png using Guid(542ca6b9d5c620147be6cd8cd1ee64fb) Importer(2089858483,0ecaa5967403d082aa24f35e1b516d23)  -> (artifact id: '11f0e794f5d3a2f05ad623d5b6d654d6') in 0.013705 seconds
Number of updated asset objects reloaded before import = 0
Number of asset objects unloaded after import = 3
========================================================================
Received Import Request.
  Time since last request: 0.000013 seconds.
  path: Assets/Textures/Layer 64 copy.png
  artifactKey: Guid(bf9f3c9048a3ecd4c88806011c4b7a87) Importer(2089858483,0ecaa5967403d082aa24f35e1b516d23)
Start importing Assets/Textures/Layer 64 copy.png using Guid(bf9f3c9048a3ecd4c88806011c4b7a87) Importer(2089858483,0ecaa5967403d082aa24f35e1b516d23)  -> (artifact id: '35754405a377e395c6b3192b52173024') in 0.023314 seconds
Number of updated asset objects reloaded before import = 0
Number of asset objects unloaded after import = 3
========================================================================
Received Import Request.
  Time since last request: 0.000012 seconds.
  path: Assets/Textures/Layer 72.png
  artifactKey: Guid(85d6c57844ff0f247a23dfb5d6768456) Importer(2089858483,0ecaa5967403d082aa24f35e1b516d23)
Start importing Assets/Textures/Layer 72.png using Guid(85d6c57844ff0f247a23dfb5d6768456) Importer(2089858483,0ecaa5967403d082aa24f35e1b516d23)  -> (artifact id: 'cdb55ed59520b4c6c7c63c7b0b197d41') in 0.013683 seconds
Number of updated asset objects reloaded before import = 0
Number of asset objects unloaded after import = 3
========================================================================
Received Import Request.
  Time since last request: 0.000015 seconds.
  path: Assets/Textures/Layer 73.png
  artifactKey: Guid(49a4437e1bd827e449cec3f6238da3cf) Importer(2089858483,0ecaa5967403d082aa24f35e1b516d23)
Start importing Assets/Textures/Layer 73.png using Guid(49a4437e1bd827e449cec3f6238da3cf) Importer(2089858483,0ecaa5967403d082aa24f35e1b516d23)  -> (artifact id: '78d8546f4a72bc90fcab794c74395d2d') in 0.019809 seconds
Number of updated asset objects reloaded before import = 0
Number of asset objects unloaded after import = 3
Editor requested this worker to shutdown with reason: Scaling down because of idle timeout
TcpMessagingSession - receive error: operation aborted. errorcode: 995, details: The I/O operation has been aborted because of either a thread exit or an application request.
AssetImportWorker is now disconnected from the server
Process exiting
Exiting without the bug reporter. Application will terminate with return code 0